<?xml version="1.0" encoding="UTF-8"?>
<testng-results ignored="0" total="2" passed="2" failed="0" skipped="0">
  <reporter-output>
  </reporter-output>
  <suite started-at="2019-05-31T14:23:15Z" name="bookJane" finished-at="2019-05-31T14:24:10Z" duration-ms="54927">
    <groups>
    </groups>
    <test started-at="2019-05-31T14:23:15Z" name="bookJane Test1" finished-at="2019-05-31T14:24:10Z" duration-ms="54927">
      <class name="com.bookJane.testCases.TC_BKJ_001">
        <test-method is-config="true" signature="setup(java.lang.String)[pri:0, instance:com.bookJane.testCases.TC_BKJ_001@3bd94634]" started-at="2019-05-31T14:23:15Z" name="setup" finished-at="2019-05-31T14:23:19Z" duration-ms="4032" status="PASS">
          <params>
            <param index="0">
              <value>
                <![CDATA[chrome]]>
              </value>
            </param>
          </params>
          <reporter-output>
          </reporter-output>
        </test-method> <!-- setup -->
        <test-method signature="registrationTest(java.lang.String, java.lang.String, java.lang.String, java.lang.String, java.lang.String, java.lang.String)[pri:0, instance:com.bookJane.testCases.TC_BKJ_001@3bd94634]" started-at="2019-05-31T14:23:21Z" name="registrationTest" data-provider="RegData" finished-at="2019-05-31T14:23:59Z" duration-ms="38000" status="PASS">
          <params>
            <param index="0">
              <value>
                <![CDATA[Auto]]>
              </value>
            </param>
            <param index="1">
              <value>
                <![CDATA[QA]]>
              </value>
            </param>
            <param index="2">
              <value>
                <![CDATA[Test]]>
              </value>
            </param>
            <param index="3">
              <value>
                <![CDATA[40123456789]]>
              </value>
            </param>
            <param index="4">
              <value>
                <![CDATA[qatestbookjane+]]>
              </value>
            </param>
            <param index="5">
              <value>
                <![CDATA[QAT]]>
              </value>
            </param>
          </params>
          <reporter-output>
          </reporter-output>
        </test-method> <!-- registrationTest -->
        <test-method is-config="true" signature="tearDown(org.testng.ITestResult)[pri:0, instance:com.bookJane.testCases.TC_BKJ_001@3bd94634]" started-at="2019-05-31T14:23:59Z" name="tearDown" finished-at="2019-05-31T14:23:59Z" duration-ms="0" status="PASS">
          <params>
            <param index="0">
              <value>
                <![CDATA[[TestResult name=registrationTest status=SUCCESS method=TC_BKJ_001.registrationTest(java.lang.String, java.lang.String, java.lang.String, java.lang.String, java.lang.String, java.lang.String)[pri:0, instance:com.bookJane.testCases.TC_BKJ_001@3bd94634] output={null}]]]>
              </value>
            </param>
          </params>
          <reporter-output>
          </reporter-output>
        </test-method> <!-- tearDown -->
        <test-method is-config="true" signature="tearDown()[pri:0, instance:com.bookJane.testCases.TC_BKJ_001@3bd94634]" started-at="2019-05-31T14:23:59Z" name="tearDown" finished-at="2019-05-31T14:23:59Z" duration-ms="605" status="PASS">
          <reporter-output>
          </reporter-output>
        </test-method> <!-- tearDown -->
      </class> <!-- com.bookJane.testCases.TC_BKJ_001 -->
      <class name="com.bookJane.testCases.TC_BKJ_002">
        <test-method is-config="true" signature="setup(java.lang.String)[pri:0, instance:com.bookJane.testCases.TC_BKJ_002@58a90037]" started-at="2019-05-31T14:23:59Z" name="setup" finished-at="2019-05-31T14:24:02Z" duration-ms="2374" status="PASS">
          <params>
            <param index="0">
              <value>
                <![CDATA[chrome]]>
              </value>
            </param>
          </params>
          <reporter-output>
          </reporter-output>
        </test-method> <!-- setup -->
        <test-method signature="loginTest(java.lang.String)[pri:0, instance:com.bookJane.testCases.TC_BKJ_002@58a90037]" started-at="2019-05-31T14:24:02Z" name="loginTest" data-provider="LoginData" finished-at="2019-05-31T14:24:09Z" duration-ms="7525" status="PASS">
          <params>
            <param index="0">
              <value>
                <![CDATA[paul+56@bookjane.com]]>
              </value>
            </param>
          </params>
          <reporter-output>
          </reporter-output>
        </test-method> <!-- loginTest -->
        <test-method is-config="true" signature="tearDown()[pri:0, instance:com.bookJane.testCases.TC_BKJ_002@58a90037]" started-at="2019-05-31T14:24:09Z" name="tearDown" finished-at="2019-05-31T14:24:10Z" duration-ms="666" status="PASS">
          <reporter-output>
          </reporter-output>
        </test-method> <!-- tearDown -->
        <test-method is-config="true" signature="tearDown(org.testng.ITestResult)[pri:0, instance:com.bookJane.testCases.TC_BKJ_002@58a90037]" started-at="2019-05-31T14:24:09Z" name="tearDown" finished-at="2019-05-31T14:24:09Z" duration-ms="0" status="PASS">
          <params>
            <param index="0">
              <value>
                <![CDATA[[TestResult name=loginTest status=SUCCESS method=TC_BKJ_002.loginTest(java.lang.String)[pri:0, instance:com.bookJane.testCases.TC_BKJ_002@58a90037] output={null}]]]>
              </value>
            </param>
          </params>
          <reporter-output>
          </reporter-output>
        </test-method> <!-- tearDown -->
      </class> <!-- com.bookJane.testCases.TC_BKJ_002 -->
    </test> <!-- bookJane Test1 -->
  </suite> <!-- bookJane -->
</testng-results>
